Fri Jan 29 08:34:08 2016 :: loading help.are
Fri Jan 29 08:34:08 2016 :: loading kavir.are
Fri Jan 29 08:34:08 2016 :: loading dragon2.are
Fri Jan 29 08:34:08 2016 :: loading dragonheart.are
Fri Jan 29 08:34:08 2016 :: loading sunyata.are
Fri Jan 29 08:34:08 2016 :: loading eoeasy.are
Fri Jan 29 08:34:08 2016 :: loading eohard.are
Fri Jan 29 08:34:08 2016 :: loading midgaard.are
Fri Jan 29 08:34:08 2016 :: loading atlantis.are
Fri Jan 29 08:34:08 2016 :: loading air.are
Fri Jan 29 08:34:08 2016 :: loading limbo.are
Fri Jan 29 08:34:08 2016 :: loading smurf.are
Fri Jan 29 08:34:08 2016 :: loading plains.are
Fri Jan 29 08:34:08 2016 :: loading ultima.are
Fri Jan 29 08:34:08 2016 :: loading ofcol2.are
Fri Jan 29 08:34:08 2016 :: loading hitower.are
Fri Jan 29 08:34:08 2016 :: loading olympus.are
Fri Jan 29 08:34:08 2016 :: loading shire.are
Fri Jan 29 08:34:08 2016 :: loading gnome.are
Fri Jan 29 08:34:08 2016 :: loading wyvern.are
Fri Jan 29 08:34:08 2016 :: loading catacomb.are
Fri Jan 29 08:34:08 2016 :: loading hood.are
Fri Jan 29 08:34:08 2016 :: loading draconia.are
Fri Jan 29 08:34:08 2016 :: loading mahntor.are
Fri Jan 29 08:34:08 2016 :: loading trollden.are
Fri Jan 29 08:34:08 2016 :: loading firenewt.are
Fri Jan 29 08:34:08 2016 :: loading chapel.are
Fri Jan 29 08:34:08 2016 :: loading midennir.are
Fri Jan 29 08:34:08 2016 :: loading grave.are
Fri Jan 29 08:34:08 2016 :: loading school.are
Fri Jan 29 08:34:08 2016 :: loading moria.are
Fri Jan 29 08:34:08 2016 :: loading juargan.are
Fri Jan 29 08:34:08 2016 :: loading eastern.are
Fri Jan 29 08:34:08 2016 :: loading pyramid.are
Fri Jan 29 08:34:08 2016 :: loading drow.are
Fri Jan 29 08:34:08 2016 :: loading thalos.are
Fri Jan 29 08:34:08 2016 :: loading mirror.are
Fri Jan 29 08:34:08 2016 :: loading ofcol.are
Fri Jan 29 08:34:08 2016 :: loading arachnos.are
Fri Jan 29 08:34:08 2016 :: loading haon.are
Fri Jan 29 08:34:08 2016 :: loading dwarven.are
Fri Jan 29 08:34:08 2016 :: loading daycare.are
Fri Jan 29 08:34:08 2016 :: loading sewer.are
Fri Jan 29 08:34:08 2016 :: loading valley.are
Fri Jan 29 08:34:08 2016 :: loading redferne.are
Fri Jan 29 08:34:08 2016 :: loading mega1.are
Fri Jan 29 08:34:08 2016 :: loading marsh.are
Fri Jan 29 08:34:08 2016 :: loading dream.are
Fri Jan 29 08:34:08 2016 :: loading grove.are
Fri Jan 29 08:34:08 2016 :: loading dylan.are
Fri Jan 29 08:34:08 2016 :: loading canyon.are
Fri Jan 29 08:34:08 2016 :: loading galaxy.are
Fri Jan 29 08:34:08 2016 :: loading mobfact.are
Fri Jan 29 08:34:08 2016 :: loading start.are
Fri Jan 29 08:34:08 2016 :: loading quest.are
Fri Jan 29 08:34:08 2016 :: loading doom.are
Fri Jan 29 08:34:08 2016 :: loading Vallanda.are
Fri Jan 29 08:34:08 2016 :: loading weed.are
Fri Jan 29 08:34:08 2016 :: loading arena.are
Fri Jan 29 08:34:08 2016 :: loading astral.are
Fri Jan 29 08:34:08 2016 :: loading hell.are
Fri Jan 29 08:34:08 2016 :: loading heaven.are
Fri Jan 29 08:34:08 2016 :: loading dystopia.are
Fri Jan 29 08:34:08 2016 :: loading dawnjobo.are
Fri Jan 29 08:34:08 2016 :: loading classeq.are
Fri Jan 29 08:34:08 2016 :: loading domeship.are
Fri Jan 29 08:34:08 2016 :: loading disney.are
Fri Jan 29 08:34:08 2016 :: loading classhq.are
Fri Jan 29 08:34:08 2016 :: loading willaz1.are
Fri Jan 29 08:34:08 2016 :: loading workshop.are
Fri Jan 29 08:34:08 2016 :: loading jatr1.are
Fri Jan 29 08:34:08 2016 :: Dystopia is ready to rock on port 8000.
Fri Jan 29 08:34:17 2016 :: Connection Established: 123.194.152.241
