help.are
kavir.are
dragon2.are
dragonheart.are
sunyata.are
eoeasy.are
eohard.are
midgaard.are
atlantis.are
air.are
limbo.are
smurf.are
plains.are
ultima.are
ofcol2.are
hitower.are
olympus.are
shire.are
gnome.are
wyvern.are
catacomb.are
hood.are
draconia.are
mahntor.are
trollden.are
firenewt.are
chapel.are
midennir.are
grave.are
school.are
moria.are
juargan.are
eastern.are
pyramid.are
drow.are
thalos.are
mirror.are
ofcol.are
arachnos.are
haon.are
dwarven.are
daycare.are
sewer.are
valley.are
redferne.are
mega1.are
marsh.are
dream.are
grove.are
dylan.are
canyon.are
galaxy.are
mobfact.are
start.are
quest.are
doom.are
Vallanda.are
weed.are
arena.are
astral.are
hell.are
heaven.are
dystopia.are
dawnjobo.are
classeq.are
domeship.are
disney.are
classhq.are
willaz1.are
workshop.are
jatr1.are
$
